<?xml version="1.0" encoding="UTF-8"?>
<!-- Generated by org.testng.reporters.JUnitXMLReporter -->
<testsuite hostname="Hasee-PC" name="test4(failed)(failed)" tests="2" failures="0" timestamp="29 Apr 2015 14:42:00 GMT" time="0.052" errors="0">
  <testcase name="@BeforeTest openBrowser" time="0.0" classname="com.testerhome.DataProviderTest">
    <failure type="org.testng.TestNGException" message="
Method openBrowser requires 1 parameters but 0 were supplied in the @Configuration annotation.">
      <![CDATA[org.testng.TestNGException: 
Method openBrowser requires 1 parameters but 0 were supplied in the @Configuration annotation.
... Removed 20 stack frames]]>
    </failure>
  </testcase> <!-- @BeforeTest openBrowser -->
  <testcase name="search" time="0.007" classname="com.testerhome.DataProviderTest">
    <skipped/>
  </testcase> <!-- search -->
  <testcase name="search" time="0.001" classname="com.testerhome.DataProviderTest">
    <skipped/>
  </testcase> <!-- search -->
</testsuite> <!-- test4(failed)(failed) -->
